# JRE version: OpenJDK Runtime Environment (17.0.6) (build 17.0.6+0-b2043.56-10027231)
# Java VM: OpenJDK 64-Bit Server VM (17.0.6+0-b2043.56-10027231, mixed mode, tiered, compressed oops, compressed class ptrs, g1 gc, windows-amd64)
GC Precious Log:
 CPUs: 8 total, 8 available
 Memory: 15984M
 Large Page Support: Disabled
 NUMA Support: Disabled
 Compressed Oops: Enabled (32-bit)
 Heap Region Size: 1M
 Heap Min Capacity: 8M
 Heap Initial Capacity: 250M
 Heap Max Capacity: 2G
 Pre-touch: Disabled
 Parallel Workers: 8
 Concurrent Workers: 2
 Concurrent Refinement Workers: 8
 Periodic GC: Disabled
Heap:
 garbage-first heap   total 256000K, used 103316K [0x0000000080000000, 0x0000000100000000)
  region size 1024K, 1 young (1024K), 1 survivors (1024K)
 Metaspace       used 97095K, committed 97856K, reserved 1138688K
  class space    used 13277K, committed 13632K, reserved 1048576K
GC Heap History (20 events):
Event: 9.651 GC heap after
{Heap after GC invocations=37 (full 0):
 garbage-first heap   total 122880K, used 70441K [0x0000000080000000, 0x0000000100000000)
  region size 1024K, 4 young (4096K), 4 survivors (4096K)
 Metaspace       used 76445K, committed 77056K, reserved 1122304K
  class space    used 10139K, committed 10432K, reserved 1048576K
}
Event: 9.681 GC heap before
{Heap before GC invocations=37 (full 0):
 garbage-first heap   total 122880K, used 72489K [0x0000000080000000, 0x0000000100000000)
  region size 1024K, 6 young (6144K), 4 survivors (4096K)
 Metaspace       used 76748K, committed 77376K, reserved 1122304K
  class space    used 10179K, committed 10496K, reserved 1048576K
}
Event: 9.685 GC heap after
{Heap after GC invocations=38 (full 0):
 garbage-first heap   total 171008K, used 70413K [0x0000000080000000, 0x0000000100000000)
  region size 1024K, 1 young (1024K), 1 survivors (1024K)
 Metaspace       used 76748K, committed 77376K, reserved 1122304K
  class space    used 10179K, committed 10496K, reserved 1048576K
}
Event: 10.572 GC heap before
{Heap before GC invocations=38 (full 0):
 garbage-first heap   total 171008K, used 129805K [0x0000000080000000, 0x0000000100000000)
  region size 1024K, 58 young (59392K), 1 survivors (1024K)
 Metaspace       used 83244K, committed 83840K, reserved 1122304K
  class space    used 11290K, committed 11584K, reserved 1048576K
}
Event: 10.575 GC heap after
{Heap after GC invocations=39 (full 0):
 garbage-first heap   total 171008K, used 73213K [0x0000000080000000, 0x0000000100000000)
  region size 1024K, 4 young (4096K), 4 survivors (4096K)
 Metaspace       used 83244K, committed 83840K, reserved 1122304K
  class space    used 11290K, committed 11584K, reserved 1048576K
}
Event: 11.478 GC heap before
{Heap before GC invocations=39 (full 0):
 garbage-first heap   total 171008K, used 133629K [0x0000000080000000, 0x0000000100000000)
  region size 1024K, 63 young (64512K), 4 survivors (4096K)
 Metaspace       used 89068K, committed 89664K, reserved 1130496K
  class space    used 12135K, committed 12416K, reserved 1048576K
}
Event: 11.485 GC heap after
{Heap after GC invocations=40 (full 0):
 garbage-first heap   total 171008K, used 78380K [0x0000000080000000, 0x0000000100000000)
  region size 1024K, 8 young (8192K), 8 survivors (8192K)
 Metaspace       used 89068K, committed 89664K, reserved 1130496K
  class space    used 12135K, committed 12416K, reserved 1048576K
}
Event: 12.196 GC heap before
{Heap before GC invocations=40 (full 0):
 garbage-first heap   total 171008K, used 135724K [0x0000000080000000, 0x0000000100000000)
  region size 1024K, 64 young (65536K), 8 survivors (8192K)
 Metaspace       used 94275K, committed 94912K, reserved 1130496K
  class space    used 12866K, committed 13184K, reserved 1048576K
}
Event: 12.205 GC heap after
{Heap after GC invocations=41 (full 0):
 garbage-first heap   total 171008K, used 83850K [0x0000000080000000, 0x0000000100000000)
  region size 1024K, 6 young (6144K), 6 survivors (6144K)
 Metaspace       used 94275K, committed 94912K, reserved 1130496K
  class space    used 12866K, committed 13184K, reserved 1048576K
}
Event: 12.546 GC heap before
{Heap before GC invocations=41 (full 0):
 garbage-first heap   total 171008K, used 137098K [0x0000000080000000, 0x0000000100000000)
  region size 1024K, 58 young (59392K), 6 survivors (6144K)
 Metaspace       used 94566K, committed 95232K, reserved 1138688K
  class space    used 12895K, committed 13248K, reserved 1048576K
}
Event: 12.553 GC heap after
{Heap after GC invocations=42 (full 0):
 garbage-first heap   total 171008K, used 91858K [0x0000000080000000, 0x0000000100000000)
  region size 1024K, 8 young (8192K), 8 survivors (8192K)
 Metaspace       used 94566K, committed 95232K, reserved 1138688K
  class space    used 12895K, committed 13248K, reserved 1048576K
}
Event: 13.209 GC heap before
{Heap before GC invocations=43 (full 0):
 garbage-first heap   total 171008K, used 136914K [0x0000000080000000, 0x0000000100000000)
  region size 1024K, 52 young (53248K), 8 survivors (8192K)
 Metaspace       used 96638K, committed 97344K, reserved 1138688K
  class space    used 13271K, committed 13632K, reserved 1048576K
}
Event: 13.219 GC heap after
{Heap after GC invocations=44 (full 0):
 garbage-first heap   total 171008K, used 98025K [0x0000000080000000, 0x0000000100000000)
  region size 1024K, 6 young (6144K), 6 survivors (6144K)
 Metaspace       used 96638K, committed 97344K, reserved 1138688K
  class space    used 13271K, committed 13632K, reserved 1048576K
}
Event: 13.235 GC heap before
{Heap before GC invocations=44 (full 0):
 garbage-first heap   total 171008K, used 100073K [0x0000000080000000, 0x0000000100000000)
  region size 1024K, 8 young (8192K), 6 survivors (6144K)
 Metaspace       used 96660K, committed 97408K, reserved 1138688K
  class space    used 13272K, committed 13632K, reserved 1048576K
}
Event: 13.241 GC heap after
{Heap after GC invocations=45 (full 0):
 garbage-first heap   total 171008K, used 98200K [0x0000000080000000, 0x0000000100000000)
  region size 1024K, 1 young (1024K), 1 survivors (1024K)
 Metaspace       used 96660K, committed 97408K, reserved 1138688K
  class space    used 13272K, committed 13632K, reserved 1048576K
}
Event: 13.521 GC heap before
{Heap before GC invocations=45 (full 0):
 garbage-first heap   total 171008K, used 138136K [0x0000000080000000, 0x0000000100000000)
  region size 1024K, 41 young (41984K), 1 survivors (1024K)
 Metaspace       used 96845K, committed 97600K, reserved 1138688K
  class space    used 13272K, committed 13632K, reserved 1048576K
}
Event: 13.525 GC heap after
{Heap after GC invocations=46 (full 0):
 garbage-first heap   total 171008K, used 101490K [0x0000000080000000, 0x0000000100000000)
  region size 1024K, 5 young (5120K), 5 survivors (5120K)
 Metaspace       used 96845K, committed 97600K, reserved 1138688K
  class space    used 13272K, committed 13632K, reserved 1048576K
}
Event: 13.830 GC heap before
{Heap before GC invocations=47 (full 0):
 garbage-first heap   total 201728K, used 138354K [0x0000000080000000, 0x0000000100000000)
  region size 1024K, 42 young (43008K), 5 survivors (5120K)
 Metaspace       used 97064K, committed 97792K, reserved 1138688K
  class space    used 13274K, committed 13632K, reserved 1048576K
}
Event: 13.835 GC heap after
{Heap after GC invocations=48 (full 0):
 garbage-first heap   total 201728K, used 104485K [0x0000000080000000, 0x0000000100000000)
  region size 1024K, 5 young (5120K), 5 survivors (5120K)
 Metaspace       used 97064K, committed 97792K, reserved 1138688K
  class space    used 13274K, committed 13632K, reserved 1048576K
}
Event: 13.868 GC heap before
{Heap before GC invocations=48 (full 0):
 garbage-first heap   total 201728K, used 107557K [0x0000000080000000, 0x0000000100000000)
  region size 1024K, 9 young (9216K), 5 survivors (5120K)
 Metaspace       used 97095K, committed 97856K, reserved 1138688K
  class space    used 13277K, committed 13632K, reserved 1048576K
}

